Build started 2012-03-30 11:34:22.
     1>Project "C:\Users\akhe\Documents\development\m2m\src\vscp\drivers\level1\can4vscp\win32\can4vscpdrv.vcxproj" on node 2 (build target(s)).
     1>InitializeBuildStatus:
         Touching "Template\can4vscpdrv.unsuccessfulbuild".
       ClCompile:
         c:\Program Files (x86)\Microsoft Visual Studio 10.0\VC\bin\CL.exe /c /Zi /nologo /W1 /WX- /O2 /Oy- /Gm- /EHsc /MD /GS /fp:precise /Zc:wchar_t /Zc:forScope /Fo"Template\\" /Fd"Template\vc100.pdb" /Gd /TP /analyze- /errorReport:prompt ..\common\can4vscpobj.cpp ..\common\dlldrvobj.cpp
         can4vscpobj.cpp
     1>c:\users\akhe\documents\development\m2m\src\vscp\drivers\level1\can4vscp\common\can4vscpobj.h(43): fatal error C1083: Cannot open include file: 'unistd.h': No such file or directory
         dlldrvobj.cpp
     1>c:\users\akhe\documents\development\m2m\src\vscp\drivers\level1\can4vscp\common\../common/can4vscpobj.h(43): fatal error C1083: Cannot open include file: 'unistd.h': No such file or directory
         Generating Code...
     1>Done Building Project "C:\Users\akhe\Documents\development\m2m\src\vscp\drivers\level1\can4vscp\win32\can4vscpdrv.vcxproj" (build target(s)) -- FAILED.

Build FAILED.

Time Elapsed 00:00:00.22
